<?xml version="1.0" encoding="UTF-8"?>
<coverage generated="1776314777985" clover="3.2.0">
  <project timestamp="1776314777985" name="All files">
    <metrics statements="44" coveredstatements="44" conditionals="33" coveredconditionals="33" methods="9" coveredmethods="9" elements="86" coveredelements="86" complexity="0" loc="44" ncloc="44" packages="2" files="3" classes="3"/>
    <package name="services">
      <metrics statements="21" coveredstatements="21" conditionals="18" coveredconditionals="18" methods="2" coveredmethods="2"/>
      <file name="authService.js" path="/Users/g.jaiswal/Documents/Sem 4/SESD/jest-starter-repo/src/services/authService.js">
        <metrics statements="21" coveredstatements="21" conditionals="18" coveredconditionals="18" methods="2" coveredmethods="2"/>
        <line num="5" count="1" type="stmt"/>
        <line num="8" count="5" type="cond" truecount="4" falsecount="0"/>
        <line num="9" count="1" type="stmt"/>
        <line num="15" count="4" type="stmt"/>
        <line num="17" count="4" type="cond" truecount="2" falsecount="0"/>
        <line num="18" count="1" type="stmt"/>
        <line num="24" count="3" type="cond" truecount="2" falsecount="0"/>
        <line num="25" count="1" type="stmt"/>
        <line num="31" count="2" type="cond" truecount="2" falsecount="0"/>
        <line num="32" count="1" type="stmt"/>
        <line num="38" count="1" type="stmt"/>
        <line num="45" count="4" type="stmt"/>
        <line num="46" count="4" type="stmt"/>
        <line num="48" count="4" type="cond" truecount="2" falsecount="0"/>
        <line num="49" count="1" type="stmt"/>
        <line num="55" count="3" type="cond" truecount="2" falsecount="0"/>
        <line num="56" count="1" type="stmt"/>
        <line num="62" count="2" type="cond" truecount="4" falsecount="0"/>
        <line num="63" count="1" type="stmt"/>
        <line num="69" count="1" type="stmt"/>
        <line num="75" count="1" type="stmt"/>
      </file>
    </package>
    <package name="utils">
      <metrics statements="23" coveredstatements="23" conditionals="15" coveredconditionals="15" methods="7" coveredmethods="7"/>
      <file name="math.js" path="/Users/g.jaiswal/Documents/Sem 4/SESD/jest-starter-repo/src/utils/math.js">
        <metrics statements="7" coveredstatements="7" conditionals="2" coveredconditionals="2" methods="4" coveredmethods="4"/>
        <line num="2" count="1" type="stmt"/>
        <line num="6" count="1" type="stmt"/>
        <line num="10" count="1" type="stmt"/>
        <line num="14" count="2" type="cond" truecount="2" falsecount="0"/>
        <line num="15" count="1" type="stmt"/>
        <line num="18" count="1" type="stmt"/>
        <line num="21" count="1" type="stmt"/>
      </file>
      <file name="validators.js" path="/Users/g.jaiswal/Documents/Sem 4/SESD/jest-starter-repo/src/utils/validators.js">
        <metrics statements="16" coveredstatements="16" conditionals="13" coveredconditionals="13" methods="3" coveredmethods="3"/>
        <line num="2" count="11" type="cond" truecount="2" falsecount="0"/>
        <line num="3" count="1" type="stmt"/>
        <line num="6" count="10" type="stmt"/>
        <line num="8" count="10" type="cond" truecount="2" falsecount="0"/>
        <line num="9" count="1" type="stmt"/>
        <line num="12" count="9" type="stmt"/>
        <line num="16" count="7" type="cond" truecount="2" falsecount="0"/>
        <line num="17" count="1" type="stmt"/>
        <line num="20" count="6" type="cond" truecount="2" falsecount="0"/>
        <line num="21" count="2" type="stmt"/>
        <line num="24" count="4" type="stmt"/>
        <line num="25" count="4" type="stmt"/>
        <line num="26" count="4" type="stmt"/>
        <line num="28" count="4" type="cond" truecount="3" falsecount="0"/>
        <line num="32" count="11" type="cond" truecount="2" falsecount="0"/>
        <line num="35" count="2" type="stmt"/>
      </file>
    </package>
  </project>
</coverage>
