TN:
SF:src/services/authService.js
FN:7,registerUser
FN:44,loginUser
FNF:2
FNH:2
FNDA:5,registerUser
FNDA:4,loginUser
DA:5,1
DA:8,5
DA:9,1
DA:15,4
DA:17,4
DA:18,1
DA:24,3
DA:25,1
DA:31,2
DA:32,1
DA:38,1
DA:45,4
DA:46,4
DA:48,4
DA:49,1
DA:55,3
DA:56,1
DA:62,2
DA:63,1
DA:69,1
DA:75,1
LF:21
LH:21
BRDA:8,0,0,1
BRDA:8,0,1,4
BRDA:8,1,0,5
BRDA:8,1,1,5
BRDA:17,2,0,1
BRDA:17,2,1,3
BRDA:24,3,0,1
BRDA:24,3,1,2
BRDA:31,4,0,1
BRDA:31,4,1,1
BRDA:48,5,0,1
BRDA:48,5,1,3
BRDA:55,6,0,1
BRDA:55,6,1,2
BRDA:62,7,0,1
BRDA:62,7,1,1
BRDA:62,8,0,2
BRDA:62,8,1,1
BRF:18
BRH:18
end_of_record
TN:
SF:src/utils/math.js
FN:1,sum
FN:5,subtract
FN:9,multiply
FN:13,divide
FNF:4
FNH:4
FNDA:1,sum
FNDA:1,subtract
FNDA:1,multiply
FNDA:2,divide
DA:2,1
DA:6,1
DA:10,1
DA:14,2
DA:15,1
DA:18,1
DA:21,1
LF:7
LH:7
BRDA:14,0,0,1
BRDA:14,0,1,1
BRF:2
BRH:2
end_of_record
TN:
SF:src/utils/validators.js
FN:1,isValidEmail
FN:15,isStrongPassword
FN:31,isNonEmptyString
FNF:3
FNH:3
FNDA:11,isValidEmail
FNDA:7,isStrongPassword
FNDA:11,isNonEmptyString
DA:2,11
DA:3,1
DA:6,10
DA:8,10
DA:9,1
DA:12,9
DA:16,7
DA:17,1
DA:20,6
DA:21,2
DA:24,4
DA:25,4
DA:26,4
DA:28,4
DA:32,11
DA:35,2
LF:16
LH:16
BRDA:2,0,0,1
BRDA:2,0,1,10
BRDA:8,1,0,1
BRDA:8,1,1,9
BRDA:16,2,0,1
BRDA:16,2,1,6
BRDA:20,3,0,2
BRDA:20,3,1,4
BRDA:28,4,0,4
BRDA:28,4,1,2
BRDA:28,4,2,2
BRDA:32,5,0,11
BRDA:32,5,1,9
BRF:13
BRH:13
end_of_record
